[2022-10-28 18:43:54,704] INFO [ControllerEventThread controllerId=1] Starting (kafka.controller.ControllerEventManager$ControllerEventThread)
[2022-10-28 18:43:54,719] INFO [Controller id=1] 1 successfully elected as the controller. Epoch incremented to 1 and epoch zk version is now 1 (kafka.controller.KafkaController)
[2022-10-28 18:43:54,721] INFO [Controller id=1] Creating FeatureZNode at path: /feature with contents: FeatureZNode(2,Enabled,Map()) (kafka.controller.KafkaController)
[2022-10-28 18:43:54,735] INFO [Controller id=1] Registering handlers (kafka.controller.KafkaController)
[2022-10-28 18:43:54,737] INFO [Controller id=1] Deleting log dir event notifications (kafka.controller.KafkaController)
[2022-10-28 18:43:54,739] INFO [Controller id=1] Deleting isr change notifications (kafka.controller.KafkaController)
[2022-10-28 18:43:54,741] INFO [Controller id=1] Initializing controller context (kafka.controller.KafkaController)
[2022-10-28 18:43:54,749] INFO [Controller id=1] Initialized broker epochs cache: HashMap(1 -> 25) (kafka.controller.KafkaController)
[2022-10-28 18:43:54,751] DEBUG [Controller id=1] Register BrokerModifications handler for Set(1) (kafka.controller.KafkaController)
[2022-10-28 18:43:54,754] DEBUG [Channel manager on controller 1]: Controller 1 trying to connect to broker 1 (kafka.controller.ControllerChannelManager)
[2022-10-28 18:43:54,758] INFO [RequestSendThread controllerId=1] Starting (kafka.controller.RequestSendThread)
[2022-10-28 18:43:54,758] INFO [Controller id=1] Currently active brokers in the cluster: Set(1) (kafka.controller.KafkaController)
[2022-10-28 18:43:54,758] INFO [Controller id=1] Currently shutting brokers in the cluster: HashSet() (kafka.controller.KafkaController)
[2022-10-28 18:43:54,759] INFO [Controller id=1] Current list of topics in the cluster: HashSet() (kafka.controller.KafkaController)
[2022-10-28 18:43:54,759] INFO [Controller id=1] Fetching topic deletions in progress (kafka.controller.KafkaController)
[2022-10-28 18:43:54,760] INFO [Controller id=1] List of topics to be deleted:  (kafka.controller.KafkaController)
[2022-10-28 18:43:54,760] INFO [Controller id=1] List of topics ineligible for deletion:  (kafka.controller.KafkaController)
[2022-10-28 18:43:54,761] INFO [Controller id=1] Initializing topic deletion manager (kafka.controller.KafkaController)
[2022-10-28 18:43:54,761] INFO [Topic Deletion Manager 1] Initializing manager with initial deletions: Set(), initial ineligible deletions: HashSet() (kafka.controller.TopicDeletionManager)
[2022-10-28 18:43:54,761] INFO [Controller id=1] Sending update metadata request (kafka.controller.KafkaController)
[2022-10-28 18:43:54,767] INFO [ReplicaStateMachine controllerId=1] Initializing replica state (kafka.controller.ZkReplicaStateMachine)
[2022-10-28 18:43:54,767] INFO [ReplicaStateMachine controllerId=1] Triggering online replica state changes (kafka.controller.ZkReplicaStateMachine)
[2022-10-28 18:43:54,769] INFO [ReplicaStateMachine controllerId=1] Triggering offline replica state changes (kafka.controller.ZkReplicaStateMachine)
[2022-10-28 18:43:54,769] DEBUG [ReplicaStateMachine controllerId=1] Started replica state machine with initial state -> HashMap() (kafka.controller.ZkReplicaStateMachine)
[2022-10-28 18:43:54,769] INFO [PartitionStateMachine controllerId=1] Initializing partition state (kafka.controller.ZkPartitionStateMachine)
[2022-10-28 18:43:54,770] INFO [PartitionStateMachine controllerId=1] Triggering online partition state changes (kafka.controller.ZkPartitionStateMachine)
[2022-10-28 18:43:54,773] INFO [RequestSendThread controllerId=1] Controller 1 connected to localhost:9093 (id: 1 rack: null) for sending state change requests (kafka.controller.RequestSendThread)
[2022-10-28 18:43:54,773] DEBUG [PartitionStateMachine controllerId=1] Started partition state machine with initial state -> HashMap() (kafka.controller.ZkPartitionStateMachine)
[2022-10-28 18:43:54,774] INFO [Controller id=1] Ready to serve as the new controller with epoch 1 (kafka.controller.KafkaController)
[2022-10-28 18:43:54,777] INFO [Controller id=1] Partitions undergoing preferred replica election:  (kafka.controller.KafkaController)
[2022-10-28 18:43:54,777] INFO [Controller id=1] Partitions that completed preferred replica election:  (kafka.controller.KafkaController)
[2022-10-28 18:43:54,777] INFO [Controller id=1] Skipping preferred replica election for partitions due to topic deletion:  (kafka.controller.KafkaController)
[2022-10-28 18:43:54,778] INFO [Controller id=1] Resuming preferred replica election for partitions:  (kafka.controller.KafkaController)
[2022-10-28 18:43:54,778] INFO [Controller id=1] Starting replica leader election (PREFERRED) for partitions  triggered by ZkTriggered (kafka.controller.KafkaController)
[2022-10-28 18:43:54,785] INFO [Controller id=1] Starting the controller scheduler (kafka.controller.KafkaController)
[2022-10-28 18:43:59,785] INFO [Controller id=1] Processing automatic preferred replica leader election (kafka.controller.KafkaController)
[2022-10-28 18:43:59,786] TRACE [Controller id=1] Checking need to trigger auto leader balancing (kafka.controller.KafkaController)
[2022-10-28 18:44:23,859] INFO [Controller id=1] Newly added brokers: 2, deleted brokers: , bounced brokers: , all live brokers: 1,2 (kafka.controller.KafkaController)
[2022-10-28 18:44:23,859] DEBUG [Channel manager on controller 1]: Controller 1 trying to connect to broker 2 (kafka.controller.ControllerChannelManager)
[2022-10-28 18:44:23,860] INFO [RequestSendThread controllerId=1] Starting (kafka.controller.RequestSendThread)
[2022-10-28 18:44:23,861] INFO [Controller id=1] New broker startup callback for 2 (kafka.controller.KafkaController)
[2022-10-28 18:44:23,862] INFO [RequestSendThread controllerId=1] Controller 1 connected to localhost:9094 (id: 2 rack: null) for sending state change requests (kafka.controller.RequestSendThread)
[2022-10-28 18:44:23,863] DEBUG [Controller id=1] Register BrokerModifications handler for List(2) (kafka.controller.KafkaController)
[2022-10-28 18:44:23,864] INFO [Controller id=1] Updated broker epochs cache: HashMap(1 -> 25, 2 -> 45) (kafka.controller.KafkaController)
[2022-10-28 18:44:23,883] INFO [ControllerEventThread controllerId=2] Starting (kafka.controller.ControllerEventManager$ControllerEventThread)
[2022-10-28 18:44:23,890] DEBUG [Controller id=2] Broker 1 has been elected as the controller, so stopping the election process. (kafka.controller.KafkaController)
[2022-10-28 18:46:40,538] INFO [Controller id=1] Newly added brokers: 0, deleted brokers: , bounced brokers: , all live brokers: 0,1,2 (kafka.controller.KafkaController)
[2022-10-28 18:46:40,538] DEBUG [Channel manager on controller 1]: Controller 1 trying to connect to broker 0 (kafka.controller.ControllerChannelManager)
[2022-10-28 18:46:40,539] INFO [RequestSendThread controllerId=1] Starting (kafka.controller.RequestSendThread)
[2022-10-28 18:46:40,539] INFO [Controller id=1] New broker startup callback for 0 (kafka.controller.KafkaController)
[2022-10-28 18:46:40,540] DEBUG [Controller id=1] Register BrokerModifications handler for List(0) (kafka.controller.KafkaController)
[2022-10-28 18:46:40,540] INFO [RequestSendThread controllerId=1] Controller 1 connected to localhost:9092 (id: 0 rack: null) for sending state change requests (kafka.controller.RequestSendThread)
[2022-10-28 18:46:40,541] INFO [Controller id=1] Updated broker epochs cache: HashMap(0 -> 61, 1 -> 25, 2 -> 45) (kafka.controller.KafkaController)
[2022-10-28 18:46:40,566] INFO [ControllerEventThread controllerId=0] Starting (kafka.controller.ControllerEventManager$ControllerEventThread)
[2022-10-28 18:46:40,572] DEBUG [Controller id=0] Broker 1 has been elected as the controller, so stopping the election process. (kafka.controller.KafkaController)
[2022-10-28 18:48:59,787] INFO [Controller id=1] Processing automatic preferred replica leader election (kafka.controller.KafkaController)
[2022-10-28 18:48:59,787] TRACE [Controller id=1] Checking need to trigger auto leader balancing (kafka.controller.KafkaController)
[2022-10-28 18:51:48,857] INFO [Controller id=1] New topics: [Set(test-topic-replicated)], deleted topics: [HashSet()], new partition replica assignment [Set(TopicIdReplicaAssignment(test-topic-replicated,Some(VsLZKYPbT-GCZ0_8XSWQtA),Map(test-topic-replicated-0 -> ReplicaAssignment(replicas=1,0,2, addingReplicas=, removingReplicas=), test-topic-replicated-1 -> ReplicaAssignment(replicas=0,2,1, addingReplicas=, removingReplicas=), test-topic-replicated-2 -> ReplicaAssignment(replicas=2,1,0, addingReplicas=, removingReplicas=))))] (kafka.controller.KafkaController)
[2022-10-28 18:51:48,857] INFO [Controller id=1] New partition creation callback for test-topic-replicated-0,test-topic-replicated-1,test-topic-replicated-2 (kafka.controller.KafkaController)
[2022-10-28 18:53:40,647] DEBUG [Controller id=1] There is no producerId block yet (Zk path version 0), creating the first block (kafka.controller.KafkaController)
[2022-10-28 18:53:40,649] INFO [Controller id=1] Acquired new producerId block ProducerIdsBlock(assignedBrokerId=0, firstProducerId=0, size=1000) by writing to Zk with path version 1 (kafka.controller.KafkaController)
[2022-10-28 18:53:59,788] INFO [Controller id=1] Processing automatic preferred replica leader election (kafka.controller.KafkaController)
[2022-10-28 18:53:59,788] TRACE [Controller id=1] Checking need to trigger auto leader balancing (kafka.controller.KafkaController)
[2022-10-28 18:53:59,789] DEBUG [Controller id=1] Topics not in preferred replica for broker 0 Map() (kafka.controller.KafkaController)
[2022-10-28 18:53:59,790] TRACE [Controller id=1] Leader imbalance ratio for broker 0 is 0.0 (kafka.controller.KafkaController)
[2022-10-28 18:53:59,790] DEBUG [Controller id=1] Topics not in preferred replica for broker 1 Map() (kafka.controller.KafkaController)
[2022-10-28 18:53:59,790] TRACE [Controller id=1] Leader imbalance ratio for broker 1 is 0.0 (kafka.controller.KafkaController)
[2022-10-28 18:53:59,790] DEBUG [Controller id=1] Topics not in preferred replica for broker 2 Map() (kafka.controller.KafkaController)
[2022-10-28 18:53:59,790] TRACE [Controller id=1] Leader imbalance ratio for broker 2 is 0.0 (kafka.controller.KafkaController)
[2022-10-28 18:54:45,939] INFO [Controller id=1] New topics: [Set(__consumer_offsets)], deleted topics: [HashSet()], new partition replica assignment [Set(TopicIdReplicaAssignment(__consumer_offsets,Some(51A6VZMiRimTnJ8OWhB5lw),HashMap(__consumer_offsets-22 -> ReplicaAssignment(replicas=1, addingReplicas=, removingReplicas=), __consumer_offsets-30 -> ReplicaAssignment(replicas=2, addingReplicas=, removingReplicas=), __consumer_offsets-25 -> ReplicaAssignment(replicas=1, addingReplicas=, removingReplicas=), __consumer_offsets-35 -> ReplicaAssignment(replicas=0, addingReplicas=, removingReplicas=), __consumer_offsets-37 -> ReplicaAssignment(replicas=1, addingReplicas=, removingReplicas=), __consumer_offsets-38 -> ReplicaAssignment(replicas=0, addingReplicas=, removingReplicas=), __consumer_offsets-13 -> ReplicaAssignment(replicas=1, addingReplicas=, removingReplicas=), __consumer_offsets-8 -> ReplicaAssignment(replicas=0, addingReplicas=, removingReplicas=), __consumer_offsets-21 -> ReplicaAssignment(replicas=2, addingReplicas=, removingReplicas=), __consumer_offsets-4 -> ReplicaAssignment(replicas=1, addingReplicas=, removingReplicas=), __consumer_offsets-27 -> ReplicaAssignment(replicas=2, addingReplicas=, removingReplicas=), __consumer_offsets-7 -> ReplicaAssignment(replicas=1, addingReplicas=, removingReplicas=), __consumer_offsets-9 -> ReplicaAssignment(replicas=2, addingReplicas=, removingReplicas=), __consumer_offsets-46 -> ReplicaAssignment(replicas=1, addingReplicas=, removingReplicas=), __consumer_offsets-41 -> ReplicaAssignment(replicas=0, addingReplicas=, removingReplicas=), __consumer_offsets-33 -> ReplicaAssignment(replicas=2, addingReplicas=, removingReplicas=), __consumer_offsets-23 -> ReplicaAssignment(replicas=0, addingReplicas=, removingReplicas=), __consumer_offsets-49 -> ReplicaAssignment(replicas=1, addingReplicas=, removingReplicas=), __consumer_offsets-47 -> ReplicaAssignment(replicas=0, addingReplicas=, removingReplicas=), __consumer_offsets-16 -> ReplicaAssignment(replicas=1, addingReplicas=, removingReplicas=), __consumer_offsets-28 -> ReplicaAssignment(replicas=1, addingReplicas=, removingReplicas=), __consumer_offsets-31 -> ReplicaAssignment(replicas=1, addingReplicas=, removingReplicas=), __consumer_offsets-36 -> ReplicaAssignment(replicas=2, addingReplicas=, removingReplicas=), __consumer_offsets-42 -> ReplicaAssignment(replicas=2, addingReplicas=, removingReplicas=), __consumer_offsets-3 -> ReplicaAssignment(replicas=2, addingReplicas=, removingReplicas=), __consumer_offsets-18 -> ReplicaAssignment(replicas=2, addingReplicas=, removingReplicas=), __consumer_offsets-15 -> ReplicaAssignment(replicas=2, addingReplicas=, removingReplicas=), __consumer_offsets-24 -> ReplicaAssignment(replicas=2, addingReplicas=, removingReplicas=), __consumer_offsets-17 -> ReplicaAssignment(replicas=0, addingReplicas=, removingReplicas=), __consumer_offsets-48 -> ReplicaAssignment(replicas=2, addingReplicas=, removingReplicas=), __consumer_offsets-19 -> ReplicaAssignment(replicas=1, addingReplicas=, removingReplicas=), __consumer_offsets-11 -> ReplicaAssignment(replicas=0, addingReplicas=, removingReplicas=), __consumer_offsets-2 -> ReplicaAssignment(replicas=0, addingReplicas=, removingReplicas=), __consumer_offsets-43 -> ReplicaAssignment(replicas=1, addingReplicas=, removingReplicas=), __consumer_offsets-6 -> ReplicaAssignment(replicas=2, addingReplicas=, removingReplicas=), __consumer_offsets-14 -> ReplicaAssignment(replicas=0, addingReplicas=, removingReplicas=), __consumer_offsets-20 -> ReplicaAssignment(replicas=0, addingReplicas=, removingReplicas=), __consumer_offsets-0 -> ReplicaAssignment(replicas=2, addingReplicas=, removingReplicas=), __consumer_offsets-44 -> ReplicaAssignment(replicas=0, addingReplicas=, removingReplicas=), __consumer_offsets-39 -> ReplicaAssignment(replicas=2, addingReplicas=, removingReplicas=), __consumer_offsets-12 -> ReplicaAssignment(replicas=2, addingReplicas=, removingReplicas=), __consumer_offsets-45 -> ReplicaAssignment(replicas=2, addingReplicas=, removingReplicas=), __consumer_offsets-1 -> ReplicaAssignment(replicas=1, addingReplicas=, removingReplicas=), __consumer_offsets-5 -> ReplicaAssignment(replicas=0, addingReplicas=, removingReplicas=), __consumer_offsets-26 -> ReplicaAssignment(replicas=0, addingReplicas=, removingReplicas=), __consumer_offsets-29 -> ReplicaAssignment(replicas=0, addingReplicas=, removingReplicas=), __consumer_offsets-34 -> ReplicaAssignment(replicas=1, addingReplicas=, removingReplicas=), __consumer_offsets-10 -> ReplicaAssignment(replicas=1, addingReplicas=, removingReplicas=), __consumer_offsets-32 -> ReplicaAssignment(replicas=0, addingReplicas=, removingReplicas=), __consumer_offsets-40 -> ReplicaAssignment(replicas=1, addingReplicas=, removingReplicas=))))] (kafka.controller.KafkaController)
[2022-10-28 18:54:45,940] INFO [Controller id=1] New partition creation callback for __consumer_offsets-22,__consumer_offsets-30,__consumer_offsets-25,__consumer_offsets-35,__consumer_offsets-37,__consumer_offsets-38,__consumer_offsets-13,__consumer_offsets-8,__consumer_offsets-21,__consumer_offsets-4,__consumer_offsets-27,__consumer_offsets-7,__consumer_offsets-9,__consumer_offsets-46,__consumer_offsets-41,__consumer_offsets-33,__consumer_offsets-23,__consumer_offsets-49,__consumer_offsets-47,__consumer_offsets-16,__consumer_offsets-28,__consumer_offsets-31,__consumer_offsets-36,__consumer_offsets-42,__consumer_offsets-3,__consumer_offsets-18,__consumer_offsets-15,__consumer_offsets-24,__consumer_offsets-17,__consumer_offsets-48,__consumer_offsets-19,__consumer_offsets-11,__consumer_offsets-2,__consumer_offsets-43,__consumer_offsets-6,__consumer_offsets-14,__consumer_offsets-20,__consumer_offsets-0,__consumer_offsets-44,__consumer_offsets-39,__consumer_offsets-12,__consumer_offsets-45,__consumer_offsets-1,__consumer_offsets-5,__consumer_offsets-26,__consumer_offsets-29,__consumer_offsets-34,__consumer_offsets-10,__consumer_offsets-32,__consumer_offsets-40 (kafka.controller.KafkaController)
[2022-10-28 18:58:15,007] INFO [Controller id=1] Shutting down broker 2 (kafka.controller.KafkaController)
[2022-10-28 18:58:15,007] DEBUG [Controller id=1] All shutting down brokers: 2 (kafka.controller.KafkaController)
[2022-10-28 18:58:15,007] DEBUG [Controller id=1] Live brokers: 0,1 (kafka.controller.KafkaController)
[2022-10-28 18:58:15,066] TRACE [Controller id=1] All leaders = __consumer_offsets-13 -> (Leader:1,ISR:1,LeaderRecoveryState:RECOVERED,LeaderEpoch:0,ZkVersion:0,ControllerEpoch:1),__consumer_offsets-46 -> (Leader:1,ISR:1,LeaderRecoveryState:RECOVERED,LeaderEpoch:0,ZkVersion:0,ControllerEpoch:1),__consumer_offsets-9 -> (Leader:2,ISR:2,LeaderRecoveryState:RECOVERED,LeaderEpoch:0,ZkVersion:0,ControllerEpoch:1),__consumer_offsets-42 -> (Leader:2,ISR:2,LeaderRecoveryState:RECOVERED,LeaderEpoch:0,ZkVersion:0,ControllerEpoch:1),__consumer_offsets-21 -> (Leader:2,ISR:2,LeaderRecoveryState:RECOVERED,LeaderEpoch:0,ZkVersion:0,ControllerEpoch:1),__consumer_offsets-17 -> (Leader:0,ISR:0,LeaderRecoveryState:RECOVERED,LeaderEpoch:0,ZkVersion:0,ControllerEpoch:1),__consumer_offsets-30 -> (Leader:2,ISR:2,LeaderRecoveryState:RECOVERED,LeaderEpoch:0,ZkVersion:0,ControllerEpoch:1),__consumer_offsets-26 -> (Leader:0,ISR:0,LeaderRecoveryState:RECOVERED,LeaderEpoch:0,ZkVersion:0,ControllerEpoch:1),__consumer_offsets-5 -> (Leader:0,ISR:0,LeaderRecoveryState:RECOVERED,LeaderEpoch:0,ZkVersion:0,ControllerEpoch:1),__consumer_offsets-38 -> (Leader:0,ISR:0,LeaderRecoveryState:RECOVERED,LeaderEpoch:0,ZkVersion:0,ControllerEpoch:1),__consumer_offsets-1 -> (Leader:1,ISR:1,LeaderRecoveryState:RECOVERED,LeaderEpoch:0,ZkVersion:0,ControllerEpoch:1),__consumer_offsets-34 -> (Leader:1,ISR:1,LeaderRecoveryState:RECOVERED,LeaderEpoch:0,ZkVersion:0,ControllerEpoch:1),__consumer_offsets-16 -> (Leader:1,ISR:1,LeaderRecoveryState:RECOVERED,LeaderEpoch:0,ZkVersion:0,ControllerEpoch:1),__consumer_offsets-45 -> (Leader:2,ISR:2,LeaderRecoveryState:RECOVERED,LeaderEpoch:0,ZkVersion:0,ControllerEpoch:1),test-topic-replicated-2 -> (Leader:1,ISR:1,0,LeaderRecoveryState:RECOVERED,LeaderEpoch:1,ZkVersion:1,ControllerEpoch:1),__consumer_offsets-12 -> (Leader:2,ISR:2,LeaderRecoveryState:RECOVERED,LeaderEpoch:0,ZkVersion:0,ControllerEpoch:1),__consumer_offsets-41 -> (Leader:0,ISR:0,LeaderRecoveryState:RECOVERED,LeaderEpoch:0,ZkVersion:0,ControllerEpoch:1),__consumer_offsets-24 -> (Leader:2,ISR:2,LeaderRecoveryState:RECOVERED,LeaderEpoch:0,ZkVersion:0,ControllerEpoch:1),__consumer_offsets-20 -> (Leader:0,ISR:0,LeaderRecoveryState:RECOVERED,LeaderEpoch:0,ZkVersion:0,ControllerEpoch:1),__consumer_offsets-49 -> (Leader:1,ISR:1,LeaderRecoveryState:RECOVERED,LeaderEpoch:0,ZkVersion:0,ControllerEpoch:1),__consumer_offsets-0 -> (Leader:2,ISR:2,LeaderRecoveryState:RECOVERED,LeaderEpoch:0,ZkVersion:0,ControllerEpoch:1),__consumer_offsets-29 -> (Leader:0,ISR:0,LeaderRecoveryState:RECOVERED,LeaderEpoch:0,ZkVersion:0,ControllerEpoch:1),__consumer_offsets-25 -> (Leader:1,ISR:1,LeaderRecoveryState:RECOVERED,LeaderEpoch:0,ZkVersion:0,ControllerEpoch:1),__consumer_offsets-8 -> (Leader:0,ISR:0,LeaderRecoveryState:RECOVERED,LeaderEpoch:0,ZkVersion:0,ControllerEpoch:1),__consumer_offsets-37 -> (Leader:1,ISR:1,LeaderRecoveryState:RECOVERED,LeaderEpoch:0,ZkVersion:0,ControllerEpoch:1),__consumer_offsets-4 -> (Leader:1,ISR:1,LeaderRecoveryState:RECOVERED,LeaderEpoch:0,ZkVersion:0,ControllerEpoch:1),__consumer_offsets-33 -> (Leader:2,ISR:2,LeaderRecoveryState:RECOVERED,LeaderEpoch:0,ZkVersion:0,ControllerEpoch:1),__consumer_offsets-15 -> (Leader:2,ISR:2,LeaderRecoveryState:RECOVERED,LeaderEpoch:0,ZkVersion:0,ControllerEpoch:1),__consumer_offsets-48 -> (Leader:2,ISR:2,LeaderRecoveryState:RECOVERED,LeaderEpoch:0,ZkVersion:0,ControllerEpoch:1),test-topic-replicated-1 -> (Leader:0,ISR:0,1,LeaderRecoveryState:RECOVERED,LeaderEpoch:1,ZkVersion:1,ControllerEpoch:1),__consumer_offsets-11 -> (Leader:0,ISR:0,LeaderRecoveryState:RECOVERED,LeaderEpoch:0,ZkVersion:0,ControllerEpoch:1),__consumer_offsets-44 -> (Leader:0,ISR:0,LeaderRecoveryState:RECOVERED,LeaderEpoch:0,ZkVersion:0,ControllerEpoch:1),__consumer_offsets-23 -> (Leader:0,ISR:0,LeaderRecoveryState:RECOVERED,LeaderEpoch:0,ZkVersion:0,ControllerEpoch:1),__consumer_offsets-19 -> (Leader:1,ISR:1,LeaderRecoveryState:RECOVERED,LeaderEpoch:0,ZkVersion:0,ControllerEpoch:1),__consumer_offsets-32 -> (Leader:0,ISR:0,LeaderRecoveryState:RECOVERED,LeaderEpoch:0,ZkVersion:0,ControllerEpoch:1),__consumer_offsets-28 -> (Leader:1,ISR:1,LeaderRecoveryState:RECOVERED,LeaderEpoch:0,ZkVersion:0,ControllerEpoch:1),__consumer_offsets-7 -> (Leader:1,ISR:1,LeaderRecoveryState:RECOVERED,LeaderEpoch:0,ZkVersion:0,ControllerEpoch:1),__consumer_offsets-40 -> (Leader:1,ISR:1,LeaderRecoveryState:RECOVERED,LeaderEpoch:0,ZkVersion:0,ControllerEpoch:1),__consumer_offsets-3 -> (Leader:2,ISR:2,LeaderRecoveryState:RECOVERED,LeaderEpoch:0,ZkVersion:0,ControllerEpoch:1),__consumer_offsets-36 -> (Leader:2,ISR:2,LeaderRecoveryState:RECOVERED,LeaderEpoch:0,ZkVersion:0,ControllerEpoch:1),__consumer_offsets-47 -> (Leader:0,ISR:0,LeaderRecoveryState:RECOVERED,LeaderEpoch:0,ZkVersion:0,ControllerEpoch:1),test-topic-replicated-0 -> (Leader:1,ISR:1,0,LeaderRecoveryState:RECOVERED,LeaderEpoch:1,ZkVersion:1,ControllerEpoch:1),__consumer_offsets-14 -> (Leader:0,ISR:0,LeaderRecoveryState:RECOVERED,LeaderEpoch:0,ZkVersion:0,ControllerEpoch:1),__consumer_offsets-43 -> (Leader:1,ISR:1,LeaderRecoveryState:RECOVERED,LeaderEpoch:0,ZkVersion:0,ControllerEpoch:1),__consumer_offsets-10 -> (Leader:1,ISR:1,LeaderRecoveryState:RECOVERED,LeaderEpoch:0,ZkVersion:0,ControllerEpoch:1),__consumer_offsets-22 -> (Leader:1,ISR:1,LeaderRecoveryState:RECOVERED,LeaderEpoch:0,ZkVersion:0,ControllerEpoch:1),__consumer_offsets-18 -> (Leader:2,ISR:2,LeaderRecoveryState:RECOVERED,LeaderEpoch:0,ZkVersion:0,ControllerEpoch:1),__consumer_offsets-31 -> (Leader:1,ISR:1,LeaderRecoveryState:RECOVERED,LeaderEpoch:0,ZkVersion:0,ControllerEpoch:1),__consumer_offsets-27 -> (Leader:2,ISR:2,LeaderRecoveryState:RECOVERED,LeaderEpoch:0,ZkVersion:0,ControllerEpoch:1),__consumer_offsets-39 -> (Leader:2,ISR:2,LeaderRecoveryState:RECOVERED,LeaderEpoch:0,ZkVersion:0,ControllerEpoch:1),__consumer_offsets-6 -> (Leader:2,ISR:2,LeaderRecoveryState:RECOVERED,LeaderEpoch:0,ZkVersion:0,ControllerEpoch:1),__consumer_offsets-35 -> (Leader:0,ISR:0,LeaderRecoveryState:RECOVERED,LeaderEpoch:0,ZkVersion:0,ControllerEpoch:1),__consumer_offsets-2 -> (Leader:0,ISR:0,LeaderRecoveryState:RECOVERED,LeaderEpoch:0,ZkVersion:0,ControllerEpoch:1) (kafka.controller.KafkaController)
[2022-10-28 18:58:15,073] WARN [RequestSendThread controllerId=1] Controller 1 epoch 1 fails to send request (type: UpdateMetadataRequest=, controllerId=1, controllerEpoch=1, brokerEpoch=45, partitionStates=[UpdateMetadataPartitionState(topicName='test-topic-replicated', partitionIndex=0, controllerEpoch=1, leader=1, leaderEpoch=1, isr=[1, 0], zkVersion=1, replicas=[1, 0, 2], offlineReplicas=[2]), UpdateMetadataPartitionState(topicName='test-topic-replicated', partitionIndex=1, controllerEpoch=1, leader=0, leaderEpoch=1, isr=[0, 1], zkVersion=1, replicas=[0, 2, 1], offlineReplicas=[2])], liveBrokers=UpdateMetadataBroker(id=2, v0Host='', v0Port=0, endpoints=[UpdateMetadataEndpoint(port=9094, host='localhost', listener='PLAINTEXT', securityProtocol=0)], rack=null), UpdateMetadataBroker(id=0, v0Host='', v0Port=0, endpoints=[UpdateMetadataEndpoint(port=9092, host='localhost', listener='PLAINTEXT', securityProtocol=0)], rack=null), UpdateMetadataBroker(id=1, v0Host='', v0Port=0, endpoints=[UpdateMetadataEndpoint(port=9093, host='localhost', listener='PLAINTEXT', securityProtocol=0)], rack=null)) to broker localhost:9094 (id: 2 rack: null). Reconnecting to broker. (kafka.controller.RequestSendThread)
java.io.IOException: Connection to 2 was disconnected before the response was read
	at org.apache.kafka.clients.NetworkClientUtils.sendAndReceive(NetworkClientUtils.java:99)
	at kafka.controller.RequestSendThread.doWork(ControllerChannelManager.scala:253)
	at kafka.utils.ShutdownableThread.run(ShutdownableThread.scala:96)
[2022-10-28 18:58:15,124] INFO [ControllerEventThread controllerId=2] Shutting down (kafka.controller.ControllerEventManager$ControllerEventThread)
[2022-10-28 18:58:15,125] INFO [ControllerEventThread controllerId=2] Stopped (kafka.controller.ControllerEventManager$ControllerEventThread)
[2022-10-28 18:58:15,125] INFO [ControllerEventThread controllerId=2] Shutdown completed (kafka.controller.ControllerEventManager$ControllerEventThread)
[2022-10-28 18:58:15,125] DEBUG [Controller id=2] Resigning (kafka.controller.KafkaController)
[2022-10-28 18:58:15,125] DEBUG [Controller id=2] Unregister BrokerModifications handler for Set() (kafka.controller.KafkaController)
[2022-10-28 18:58:15,126] INFO [PartitionStateMachine controllerId=2] Stopped partition state machine (kafka.controller.ZkPartitionStateMachine)
[2022-10-28 18:58:15,126] INFO [ReplicaStateMachine controllerId=2] Stopped replica state machine (kafka.controller.ZkReplicaStateMachine)
[2022-10-28 18:58:15,126] INFO [Controller id=2] Resigned (kafka.controller.KafkaController)
[2022-10-28 18:58:15,131] INFO [Controller id=1] Newly added brokers: , deleted brokers: 2, bounced brokers: , all live brokers: 0,1 (kafka.controller.KafkaController)
[2022-10-28 18:58:15,131] INFO [RequestSendThread controllerId=1] Shutting down (kafka.controller.RequestSendThread)
[2022-10-28 18:58:15,132] ERROR [RequestSendThread controllerId=1] Controller 1 fails to send a request to broker localhost:9094 (id: 2 rack: null) (kafka.controller.RequestSendThread)
java.lang.InterruptedException
	at java.base/java.util.concurrent.locks.AbstractQueuedSynchronizer.tryAcquireSharedNanos(AbstractQueuedSynchronizer.java:1081)
	at java.base/java.util.concurrent.CountDownLatch.await(CountDownLatch.java:276)
	at kafka.utils.ShutdownableThread.pause(ShutdownableThread.scala:82)
	at kafka.controller.RequestSendThread.doWork(ControllerChannelManager.scala:234)
	at kafka.utils.ShutdownableThread.run(ShutdownableThread.scala:96)
[2022-10-28 18:58:15,132] INFO [RequestSendThread controllerId=1] Stopped (kafka.controller.RequestSendThread)
[2022-10-28 18:58:15,132] INFO [RequestSendThread controllerId=1] Shutdown completed (kafka.controller.RequestSendThread)
[2022-10-28 18:58:15,133] INFO [Controller id=1] Broker failure callback for 2 (kafka.controller.KafkaController)
[2022-10-28 18:58:15,133] INFO [Controller id=1] Removed 2 from list of shutting down brokers. (kafka.controller.KafkaController)
[2022-10-28 18:58:15,155] DEBUG [Controller id=1] Unregister BrokerModifications handler for List(2) (kafka.controller.KafkaController)
[2022-10-28 18:58:15,155] INFO [Controller id=1] Updated broker epochs cache: HashMap(0 -> 61, 1 -> 25) (kafka.controller.KafkaController)
[2022-10-28 18:58:17,923] INFO [Controller id=1] Shutting down broker 1 (kafka.controller.KafkaController)
[2022-10-28 18:58:17,923] DEBUG [Controller id=1] All shutting down brokers: 1 (kafka.controller.KafkaController)
[2022-10-28 18:58:17,923] DEBUG [Controller id=1] Live brokers: 0 (kafka.controller.KafkaController)
[2022-10-28 18:58:17,967] TRACE [Controller id=1] All leaders = __consumer_offsets-13 -> (Leader:1,ISR:1,LeaderRecoveryState:RECOVERED,LeaderEpoch:0,ZkVersion:0,ControllerEpoch:1),__consumer_offsets-46 -> (Leader:1,ISR:1,LeaderRecoveryState:RECOVERED,LeaderEpoch:0,ZkVersion:0,ControllerEpoch:1),__consumer_offsets-9 -> (Leader:-1,ISR:2,LeaderRecoveryState:RECOVERED,LeaderEpoch:1,ZkVersion:1,ControllerEpoch:1),__consumer_offsets-42 -> (Leader:-1,ISR:2,LeaderRecoveryState:RECOVERED,LeaderEpoch:1,ZkVersion:1,ControllerEpoch:1),__consumer_offsets-21 -> (Leader:-1,ISR:2,LeaderRecoveryState:RECOVERED,LeaderEpoch:1,ZkVersion:1,ControllerEpoch:1),__consumer_offsets-17 -> (Leader:0,ISR:0,LeaderRecoveryState:RECOVERED,LeaderEpoch:0,ZkVersion:0,ControllerEpoch:1),__consumer_offsets-30 -> (Leader:-1,ISR:2,LeaderRecoveryState:RECOVERED,LeaderEpoch:1,ZkVersion:1,ControllerEpoch:1),__consumer_offsets-26 -> (Leader:0,ISR:0,LeaderRecoveryState:RECOVERED,LeaderEpoch:0,ZkVersion:0,ControllerEpoch:1),__consumer_offsets-5 -> (Leader:0,ISR:0,LeaderRecoveryState:RECOVERED,LeaderEpoch:0,ZkVersion:0,ControllerEpoch:1),__consumer_offsets-38 -> (Leader:0,ISR:0,LeaderRecoveryState:RECOVERED,LeaderEpoch:0,ZkVersion:0,ControllerEpoch:1),__consumer_offsets-1 -> (Leader:1,ISR:1,LeaderRecoveryState:RECOVERED,LeaderEpoch:0,ZkVersion:0,ControllerEpoch:1),__consumer_offsets-34 -> (Leader:1,ISR:1,LeaderRecoveryState:RECOVERED,LeaderEpoch:0,ZkVersion:0,ControllerEpoch:1),__consumer_offsets-16 -> (Leader:1,ISR:1,LeaderRecoveryState:RECOVERED,LeaderEpoch:0,ZkVersion:0,ControllerEpoch:1),__consumer_offsets-45 -> (Leader:-1,ISR:2,LeaderRecoveryState:RECOVERED,LeaderEpoch:1,ZkVersion:1,ControllerEpoch:1),test-topic-replicated-2 -> (Leader:0,ISR:0,LeaderRecoveryState:RECOVERED,LeaderEpoch:2,ZkVersion:2,ControllerEpoch:1),__consumer_offsets-12 -> (Leader:-1,ISR:2,LeaderRecoveryState:RECOVERED,LeaderEpoch:1,ZkVersion:1,ControllerEpoch:1),__consumer_offsets-41 -> (Leader:0,ISR:0,LeaderRecoveryState:RECOVERED,LeaderEpoch:0,ZkVersion:0,ControllerEpoch:1),__consumer_offsets-24 -> (Leader:-1,ISR:2,LeaderRecoveryState:RECOVERED,LeaderEpoch:1,ZkVersion:1,ControllerEpoch:1),__consumer_offsets-20 -> (Leader:0,ISR:0,LeaderRecoveryState:RECOVERED,LeaderEpoch:0,ZkVersion:0,ControllerEpoch:1),__consumer_offsets-49 -> (Leader:1,ISR:1,LeaderRecoveryState:RECOVERED,LeaderEpoch:0,ZkVersion:0,ControllerEpoch:1),__consumer_offsets-0 -> (Leader:-1,ISR:2,LeaderRecoveryState:RECOVERED,LeaderEpoch:1,ZkVersion:1,ControllerEpoch:1),__consumer_offsets-29 -> (Leader:0,ISR:0,LeaderRecoveryState:RECOVERED,LeaderEpoch:0,ZkVersion:0,ControllerEpoch:1),__consumer_offsets-25 -> (Leader:1,ISR:1,LeaderRecoveryState:RECOVERED,LeaderEpoch:0,ZkVersion:0,ControllerEpoch:1),__consumer_offsets-8 -> (Leader:0,ISR:0,LeaderRecoveryState:RECOVERED,LeaderEpoch:0,ZkVersion:0,ControllerEpoch:1),__consumer_offsets-37 -> (Leader:1,ISR:1,LeaderRecoveryState:RECOVERED,LeaderEpoch:0,ZkVersion:0,ControllerEpoch:1),__consumer_offsets-4 -> (Leader:1,ISR:1,LeaderRecoveryState:RECOVERED,LeaderEpoch:0,ZkVersion:0,ControllerEpoch:1),__consumer_offsets-33 -> (Leader:-1,ISR:2,LeaderRecoveryState:RECOVERED,LeaderEpoch:1,ZkVersion:1,ControllerEpoch:1),__consumer_offsets-15 -> (Leader:-1,ISR:2,LeaderRecoveryState:RECOVERED,LeaderEpoch:1,ZkVersion:1,ControllerEpoch:1),__consumer_offsets-48 -> (Leader:-1,ISR:2,LeaderRecoveryState:RECOVERED,LeaderEpoch:1,ZkVersion:1,ControllerEpoch:1),test-topic-replicated-1 -> (Leader:0,ISR:0,LeaderRecoveryState:RECOVERED,LeaderEpoch:2,ZkVersion:2,ControllerEpoch:1),__consumer_offsets-11 -> (Leader:0,ISR:0,LeaderRecoveryState:RECOVERED,LeaderEpoch:0,ZkVersion:0,ControllerEpoch:1),__consumer_offsets-44 -> (Leader:0,ISR:0,LeaderRecoveryState:RECOVERED,LeaderEpoch:0,ZkVersion:0,ControllerEpoch:1),__consumer_offsets-23 -> (Leader:0,ISR:0,LeaderRecoveryState:RECOVERED,LeaderEpoch:0,ZkVersion:0,ControllerEpoch:1),__consumer_offsets-19 -> (Leader:1,ISR:1,LeaderRecoveryState:RECOVERED,LeaderEpoch:0,ZkVersion:0,ControllerEpoch:1),__consumer_offsets-32 -> (Leader:0,ISR:0,LeaderRecoveryState:RECOVERED,LeaderEpoch:0,ZkVersion:0,ControllerEpoch:1),__consumer_offsets-28 -> (Leader:1,ISR:1,LeaderRecoveryState:RECOVERED,LeaderEpoch:0,ZkVersion:0,ControllerEpoch:1),__consumer_offsets-7 -> (Leader:1,ISR:1,LeaderRecoveryState:RECOVERED,LeaderEpoch:0,ZkVersion:0,ControllerEpoch:1),__consumer_offsets-40 -> (Leader:1,ISR:1,LeaderRecoveryState:RECOVERED,LeaderEpoch:0,ZkVersion:0,ControllerEpoch:1),__consumer_offsets-3 -> (Leader:-1,ISR:2,LeaderRecoveryState:RECOVERED,LeaderEpoch:1,ZkVersion:1,ControllerEpoch:1),__consumer_offsets-36 -> (Leader:-1,ISR:2,LeaderRecoveryState:RECOVERED,LeaderEpoch:1,ZkVersion:1,ControllerEpoch:1),__consumer_offsets-47 -> (Leader:0,ISR:0,LeaderRecoveryState:RECOVERED,LeaderEpoch:0,ZkVersion:0,ControllerEpoch:1),test-topic-replicated-0 -> (Leader:0,ISR:0,LeaderRecoveryState:RECOVERED,LeaderEpoch:2,ZkVersion:2,ControllerEpoch:1),__consumer_offsets-14 -> (Leader:0,ISR:0,LeaderRecoveryState:RECOVERED,LeaderEpoch:0,ZkVersion:0,ControllerEpoch:1),__consumer_offsets-43 -> (Leader:1,ISR:1,LeaderRecoveryState:RECOVERED,LeaderEpoch:0,ZkVersion:0,ControllerEpoch:1),__consumer_offsets-10 -> (Leader:1,ISR:1,LeaderRecoveryState:RECOVERED,LeaderEpoch:0,ZkVersion:0,ControllerEpoch:1),__consumer_offsets-22 -> (Leader:1,ISR:1,LeaderRecoveryState:RECOVERED,LeaderEpoch:0,ZkVersion:0,ControllerEpoch:1),__consumer_offsets-18 -> (Leader:-1,ISR:2,LeaderRecoveryState:RECOVERED,LeaderEpoch:1,ZkVersion:1,ControllerEpoch:1),__consumer_offsets-31 -> (Leader:1,ISR:1,LeaderRecoveryState:RECOVERED,LeaderEpoch:0,ZkVersion:0,ControllerEpoch:1),__consumer_offsets-27 -> (Leader:-1,ISR:2,LeaderRecoveryState:RECOVERED,LeaderEpoch:1,ZkVersion:1,ControllerEpoch:1),__consumer_offsets-39 -> (Leader:-1,ISR:2,LeaderRecoveryState:RECOVERED,LeaderEpoch:1,ZkVersion:1,ControllerEpoch:1),__consumer_offsets-6 -> (Leader:-1,ISR:2,LeaderRecoveryState:RECOVERED,LeaderEpoch:1,ZkVersion:1,ControllerEpoch:1),__consumer_offsets-35 -> (Leader:0,ISR:0,LeaderRecoveryState:RECOVERED,LeaderEpoch:0,ZkVersion:0,ControllerEpoch:1),__consumer_offsets-2 -> (Leader:0,ISR:0,LeaderRecoveryState:RECOVERED,LeaderEpoch:0,ZkVersion:0,ControllerEpoch:1) (kafka.controller.KafkaController)
[2022-10-28 18:58:17,970] WARN [RequestSendThread controllerId=1] Controller 1 epoch 1 fails to send request (type=StopReplicaRequest, controllerId=1, controllerEpoch=1, brokerEpoch=25, deletePartitions=false, topicStates=StopReplicaTopicState(topicName='test-topic-replicated', partitionStates=[StopReplicaPartitionState(partitionIndex=1, leaderEpoch=1, deletePartition=false)])) to broker localhost:9093 (id: 1 rack: null). Reconnecting to broker. (kafka.controller.RequestSendThread)
java.io.IOException: Connection to 1 was disconnected before the response was read
	at org.apache.kafka.clients.NetworkClientUtils.sendAndReceive(NetworkClientUtils.java:99)
	at kafka.controller.RequestSendThread.doWork(ControllerChannelManager.scala:253)
	at kafka.utils.ShutdownableThread.run(ShutdownableThread.scala:96)
[2022-10-28 18:58:18,023] INFO [ControllerEventThread controllerId=1] Shutting down (kafka.controller.ControllerEventManager$ControllerEventThread)
[2022-10-28 18:58:18,023] INFO [ControllerEventThread controllerId=1] Shutdown completed (kafka.controller.ControllerEventManager$ControllerEventThread)
[2022-10-28 18:58:18,023] INFO [ControllerEventThread controllerId=1] Stopped (kafka.controller.ControllerEventManager$ControllerEventThread)
[2022-10-28 18:58:18,024] DEBUG [Controller id=1] Resigning (kafka.controller.KafkaController)
[2022-10-28 18:58:18,024] DEBUG [Controller id=1] Unregister BrokerModifications handler for Set(0, 1) (kafka.controller.KafkaController)
[2022-10-28 18:58:18,024] INFO [PartitionStateMachine controllerId=1] Stopped partition state machine (kafka.controller.ZkPartitionStateMachine)
[2022-10-28 18:58:18,024] INFO [ReplicaStateMachine controllerId=1] Stopped replica state machine (kafka.controller.ZkReplicaStateMachine)
[2022-10-28 18:58:18,024] INFO [RequestSendThread controllerId=1] Shutting down (kafka.controller.RequestSendThread)
[2022-10-28 18:58:18,024] INFO [RequestSendThread controllerId=1] Stopped (kafka.controller.RequestSendThread)
[2022-10-28 18:58:18,024] INFO [RequestSendThread controllerId=1] Shutdown completed (kafka.controller.RequestSendThread)
[2022-10-28 18:58:18,025] INFO [RequestSendThread controllerId=1] Shutting down (kafka.controller.RequestSendThread)
[2022-10-28 18:58:18,025] ERROR [RequestSendThread controllerId=1] Controller 1 fails to send a request to broker localhost:9093 (id: 1 rack: null) (kafka.controller.RequestSendThread)
java.lang.InterruptedException
	at java.base/java.util.concurrent.locks.AbstractQueuedSynchronizer.tryAcquireSharedNanos(AbstractQueuedSynchronizer.java:1081)
	at java.base/java.util.concurrent.CountDownLatch.await(CountDownLatch.java:276)
	at kafka.utils.ShutdownableThread.pause(ShutdownableThread.scala:82)
	at kafka.controller.RequestSendThread.doWork(ControllerChannelManager.scala:234)
	at kafka.utils.ShutdownableThread.run(ShutdownableThread.scala:96)
[2022-10-28 18:58:18,025] INFO [RequestSendThread controllerId=1] Stopped (kafka.controller.RequestSendThread)
[2022-10-28 18:58:18,025] INFO [RequestSendThread controllerId=1] Shutdown completed (kafka.controller.RequestSendThread)
[2022-10-28 18:58:18,026] INFO [Controller id=1] Resigned (kafka.controller.KafkaController)
[2022-10-28 18:58:18,032] INFO [Controller id=0] 0 successfully elected as the controller. Epoch incremented to 2 and epoch zk version is now 2 (kafka.controller.KafkaController)
[2022-10-28 18:58:18,033] INFO [Controller id=0] Registering handlers (kafka.controller.KafkaController)
[2022-10-28 18:58:18,035] INFO [Controller id=0] Deleting log dir event notifications (kafka.controller.KafkaController)
[2022-10-28 18:58:18,035] INFO [Controller id=0] Deleting isr change notifications (kafka.controller.KafkaController)
[2022-10-28 18:58:18,036] INFO [Controller id=0] Initializing controller context (kafka.controller.KafkaController)
[2022-10-28 18:58:18,038] INFO [Controller id=0] Initialized broker epochs cache: HashMap(0 -> 61) (kafka.controller.KafkaController)
[2022-10-28 18:58:18,044] DEBUG [Controller id=0] Register BrokerModifications handler for Set(0) (kafka.controller.KafkaController)
[2022-10-28 18:58:18,054] DEBUG [Channel manager on controller 0]: Controller 0 trying to connect to broker 0 (kafka.controller.ControllerChannelManager)
[2022-10-28 18:58:18,057] INFO [RequestSendThread controllerId=0] Starting (kafka.controller.RequestSendThread)
[2022-10-28 18:58:18,058] INFO [Controller id=0] Currently active brokers in the cluster: Set(0) (kafka.controller.KafkaController)
[2022-10-28 18:58:18,058] INFO [Controller id=0] Currently shutting brokers in the cluster: HashSet() (kafka.controller.KafkaController)
[2022-10-28 18:58:18,058] INFO [Controller id=0] Current list of topics in the cluster: HashSet(test-topic-replicated, __consumer_offsets) (kafka.controller.KafkaController)
[2022-10-28 18:58:18,058] INFO [Controller id=0] Fetching topic deletions in progress (kafka.controller.KafkaController)
[2022-10-28 18:58:18,060] INFO [Controller id=0] List of topics to be deleted:  (kafka.controller.KafkaController)
[2022-10-28 18:58:18,060] INFO [Controller id=0] List of topics ineligible for deletion: test-topic-replicated,__consumer_offsets (kafka.controller.KafkaController)
[2022-10-28 18:58:18,060] INFO [Controller id=0] Initializing topic deletion manager (kafka.controller.KafkaController)
[2022-10-28 18:58:18,060] INFO [Topic Deletion Manager 0] Initializing manager with initial deletions: Set(), initial ineligible deletions: HashSet(test-topic-replicated, __consumer_offsets) (kafka.controller.TopicDeletionManager)
[2022-10-28 18:58:18,060] INFO [Controller id=0] Sending update metadata request (kafka.controller.KafkaController)
[2022-10-28 18:58:18,065] INFO [ReplicaStateMachine controllerId=0] Initializing replica state (kafka.controller.ZkReplicaStateMachine)
[2022-10-28 18:58:18,065] INFO [RequestSendThread controllerId=0] Controller 0 connected to localhost:9092 (id: 0 rack: null) for sending state change requests (kafka.controller.RequestSendThread)
[2022-10-28 18:58:18,067] INFO [ReplicaStateMachine controllerId=0] Triggering online replica state changes (kafka.controller.ZkReplicaStateMachine)
[2022-10-28 18:58:18,074] INFO [ReplicaStateMachine controllerId=0] Triggering offline replica state changes (kafka.controller.ZkReplicaStateMachine)
[2022-10-28 18:58:18,096] DEBUG [ReplicaStateMachine controllerId=0] Started replica state machine with initial state -> HashMap([Topic=__consumer_offsets,Partition=46,Replica=1] -> OfflineReplica, [Topic=__consumer_offsets,Partition=37,Replica=1] -> OfflineReplica, [Topic=__consumer_offsets,Partition=49,Replica=1] -> OfflineReplica, [Topic=__consumer_offsets,Partition=47,Replica=0] -> OnlineReplica, [Topic=__consumer_offsets,Partition=44,Replica=0] -> OnlineReplica, [Topic=__consumer_offsets,Partition=8,Replica=0] -> OnlineReplica, [Topic=__consumer_offsets,Partition=19,Replica=1] -> OfflineReplica, [Topic=__consumer_offsets,Partition=12,Replica=2] -> OfflineReplica, [Topic=__consumer_offsets,Partition=14,Replica=0] -> OnlineReplica, [Topic=__consumer_offsets,Partition=7,Replica=1] -> OfflineReplica, [Topic=test-topic-replicated,Partition=2,Replica=0] -> OnlineReplica, [Topic=__consumer_offsets,Partition=43,Replica=1] -> OfflineReplica, [Topic=__consumer_offsets,Partition=6,Replica=2] -> OfflineReplica, [Topic=__consumer_offsets,Partition=11,Replica=0] -> OnlineReplica, [Topic=__consumer_offsets,Partition=32,Replica=0] -> OnlineReplica, [Topic=__consumer_offsets,Partition=40,Replica=1] -> OfflineReplica, [Topic=__consumer_offsets,Partition=24,Replica=2] -> OfflineReplica, [Topic=__consumer_offsets,Partition=10,Replica=1] -> OfflineReplica, [Topic=__consumer_offsets,Partition=4,Replica=1] -> OfflineReplica, [Topic=__consumer_offsets,Partition=31,Replica=1] -> OfflineReplica, [Topic=__consumer_offsets,Partition=16,Replica=1] -> OfflineReplica, [Topic=__consumer_offsets,Partition=45,Replica=2] -> OfflineReplica, [Topic=__consumer_offsets,Partition=38,Replica=0] -> OnlineReplica, [Topic=__consumer_offsets,Partition=3,Replica=2] -> OfflineReplica, [Topic=__consumer_offsets,Partition=23,Replica=0] -> OnlineReplica, [Topic=__consumer_offsets,Partition=39,Replica=2] -> OfflineReplica, [Topic=__consumer_offsets,Partition=34,Replica=1] -> OfflineReplica, [Topic=__consumer_offsets,Partition=17,Replica=0] -> OnlineReplica, [Topic=__consumer_offsets,Partition=18,Replica=2] -> OfflineReplica, [Topic=__consumer_offsets,Partition=41,Replica=0] -> OnlineReplica, [Topic=test-topic-replicated,Partition=2,Replica=2] -> OfflineReplica, [Topic=__consumer_offsets,Partition=29,Replica=0] -> OnlineReplica, [Topic=__consumer_offsets,Partition=30,Replica=2] -> OfflineReplica, [Topic=__consumer_offsets,Partition=42,Replica=2] -> OfflineReplica, [Topic=__consumer_offsets,Partition=15,Replica=2] -> OfflineReplica, [Topic=__consumer_offsets,Partition=1,Replica=1] -> OfflineReplica, [Topic=__consumer_offsets,Partition=21,Replica=2] -> OfflineReplica, [Topic=test-topic-replicated,Partition=0,Replica=2] -> OfflineReplica, [Topic=__consumer_offsets,Partition=0,Replica=2] -> OfflineReplica, [Topic=__consumer_offsets,Partition=5,Replica=0] -> OnlineReplica, [Topic=__consumer_offsets,Partition=27,Replica=2] -> OfflineReplica, [Topic=test-topic-replicated,Partition=0,Replica=1] -> OfflineReplica, [Topic=test-topic-replicated,Partition=2,Replica=1] -> OfflineReplica, [Topic=__consumer_offsets,Partition=48,Replica=2] -> OfflineReplica, [Topic=__consumer_offsets,Partition=25,Replica=1] -> OfflineReplica, [Topic=__consumer_offsets,Partition=20,Replica=0] -> OnlineReplica, [Topic=test-topic-replicated,Partition=1,Replica=1] -> OfflineReplica, [Topic=__consumer_offsets,Partition=26,Replica=0] -> OnlineReplica, [Topic=__consumer_offsets,Partition=2,Replica=0] -> OnlineReplica, [Topic=__consumer_offsets,Partition=9,Replica=2] -> OfflineReplica, [Topic=__consumer_offsets,Partition=28,Replica=1] -> OfflineReplica, [Topic=__consumer_offsets,Partition=36,Replica=2] -> OfflineReplica, [Topic=test-topic-replicated,Partition=1,Replica=0] -> OnlineReplica, [Topic=__consumer_offsets,Partition=33,Replica=2] -> OfflineReplica, [Topic=__consumer_offsets,Partition=35,Replica=0] -> OnlineReplica, [Topic=test-topic-replicated,Partition=0,Replica=0] -> OnlineReplica, [Topic=test-topic-replicated,Partition=1,Replica=2] -> OfflineReplica, [Topic=__consumer_offsets,Partition=13,Replica=1] -> OfflineReplica, [Topic=__consumer_offsets,Partition=22,Replica=1] -> OfflineReplica) (kafka.controller.ZkReplicaStateMachine)
[2022-10-28 18:58:18,097] INFO [PartitionStateMachine controllerId=0] Initializing partition state (kafka.controller.ZkPartitionStateMachine)
[2022-10-28 18:58:18,098] INFO [PartitionStateMachine controllerId=0] Triggering online partition state changes (kafka.controller.ZkPartitionStateMachine)
[2022-10-28 18:58:18,113] DEBUG [PartitionStateMachine controllerId=0] Started partition state machine with initial state -> HashMap(__consumer_offsets-13 -> OfflinePartition, __consumer_offsets-46 -> OfflinePartition, __consumer_offsets-9 -> OfflinePartition, __consumer_offsets-42 -> OfflinePartition, __consumer_offsets-21 -> OfflinePartition, __consumer_offsets-17 -> OnlinePartition, __consumer_offsets-30 -> OfflinePartition, __consumer_offsets-26 -> OnlinePartition, __consumer_offsets-5 -> OnlinePartition, __consumer_offsets-38 -> OnlinePartition, __consumer_offsets-1 -> OfflinePartition, __consumer_offsets-34 -> OfflinePartition, __consumer_offsets-16 -> OfflinePartition, __consumer_offsets-45 -> OfflinePartition, test-topic-replicated-2 -> OnlinePartition, __consumer_offsets-12 -> OfflinePartition, __consumer_offsets-41 -> OnlinePartition, __consumer_offsets-24 -> OfflinePartition, __consumer_offsets-20 -> OnlinePartition, __consumer_offsets-49 -> OfflinePartition, __consumer_offsets-0 -> OfflinePartition, __consumer_offsets-29 -> OnlinePartition, __consumer_offsets-25 -> OfflinePartition, __consumer_offsets-8 -> OnlinePartition, __consumer_offsets-37 -> OfflinePartition, __consumer_offsets-4 -> OfflinePartition, __consumer_offsets-33 -> OfflinePartition, __consumer_offsets-15 -> OfflinePartition, __consumer_offsets-48 -> OfflinePartition, test-topic-replicated-1 -> OnlinePartition, __consumer_offsets-11 -> OnlinePartition, __consumer_offsets-44 -> OnlinePartition, __consumer_offsets-23 -> OnlinePartition, __consumer_offsets-19 -> OfflinePartition, __consumer_offsets-32 -> OnlinePartition, __consumer_offsets-28 -> OfflinePartition, __consumer_offsets-7 -> OfflinePartition, __consumer_offsets-40 -> OfflinePartition, __consumer_offsets-3 -> OfflinePartition, __consumer_offsets-36 -> OfflinePartition, __consumer_offsets-47 -> OnlinePartition, test-topic-replicated-0 -> OnlinePartition, __consumer_offsets-14 -> OnlinePartition, __consumer_offsets-43 -> OfflinePartition, __consumer_offsets-10 -> OfflinePartition, __consumer_offsets-22 -> OfflinePartition, __consumer_offsets-18 -> OfflinePartition, __consumer_offsets-31 -> OfflinePartition, __consumer_offsets-27 -> OfflinePartition, __consumer_offsets-39 -> OfflinePartition, __consumer_offsets-6 -> OfflinePartition, __consumer_offsets-35 -> OnlinePartition, __consumer_offsets-2 -> OnlinePartition) (kafka.controller.ZkPartitionStateMachine)
[2022-10-28 18:58:18,113] INFO [Controller id=0] Ready to serve as the new controller with epoch 2 (kafka.controller.KafkaController)
[2022-10-28 18:58:18,114] INFO [Controller id=0] Partitions undergoing preferred replica election:  (kafka.controller.KafkaController)
[2022-10-28 18:58:18,114] INFO [Controller id=0] Partitions that completed preferred replica election:  (kafka.controller.KafkaController)
[2022-10-28 18:58:18,114] INFO [Controller id=0] Skipping preferred replica election for partitions due to topic deletion:  (kafka.controller.KafkaController)
[2022-10-28 18:58:18,114] INFO [Controller id=0] Resuming preferred replica election for partitions:  (kafka.controller.KafkaController)
[2022-10-28 18:58:18,115] INFO [Controller id=0] Starting replica leader election (PREFERRED) for partitions  triggered by ZkTriggered (kafka.controller.KafkaController)
[2022-10-28 18:58:18,118] INFO [Controller id=0] Starting the controller scheduler (kafka.controller.KafkaController)
[2022-10-28 18:58:21,127] INFO [Controller id=0] Shutting down broker 0 (kafka.controller.KafkaController)
[2022-10-28 18:58:21,128] DEBUG [Controller id=0] All shutting down brokers: 0 (kafka.controller.KafkaController)
[2022-10-28 18:58:21,128] DEBUG [Controller id=0] Live brokers:  (kafka.controller.KafkaController)
[2022-10-28 18:58:21,132] TRACE [Controller id=0] All leaders = __consumer_offsets-13 -> (Leader:-1,ISR:1,LeaderRecoveryState:RECOVERED,LeaderEpoch:1,ZkVersion:1,ControllerEpoch:2),__consumer_offsets-46 -> (Leader:-1,ISR:1,LeaderRecoveryState:RECOVERED,LeaderEpoch:1,ZkVersion:1,ControllerEpoch:2),__consumer_offsets-9 -> (Leader:-1,ISR:2,LeaderRecoveryState:RECOVERED,LeaderEpoch:2,ZkVersion:2,ControllerEpoch:2),__consumer_offsets-42 -> (Leader:-1,ISR:2,LeaderRecoveryState:RECOVERED,LeaderEpoch:2,ZkVersion:2,ControllerEpoch:2),__consumer_offsets-21 -> (Leader:-1,ISR:2,LeaderRecoveryState:RECOVERED,LeaderEpoch:2,ZkVersion:2,ControllerEpoch:2),__consumer_offsets-17 -> (Leader:0,ISR:0,LeaderRecoveryState:RECOVERED,LeaderEpoch:0,ZkVersion:0,ControllerEpoch:1),__consumer_offsets-30 -> (Leader:-1,ISR:2,LeaderRecoveryState:RECOVERED,LeaderEpoch:2,ZkVersion:2,ControllerEpoch:2),__consumer_offsets-26 -> (Leader:0,ISR:0,LeaderRecoveryState:RECOVERED,LeaderEpoch:0,ZkVersion:0,ControllerEpoch:1),__consumer_offsets-5 -> (Leader:0,ISR:0,LeaderRecoveryState:RECOVERED,LeaderEpoch:0,ZkVersion:0,ControllerEpoch:1),__consumer_offsets-38 -> (Leader:0,ISR:0,LeaderRecoveryState:RECOVERED,LeaderEpoch:0,ZkVersion:0,ControllerEpoch:1),__consumer_offsets-1 -> (Leader:-1,ISR:1,LeaderRecoveryState:RECOVERED,LeaderEpoch:1,ZkVersion:1,ControllerEpoch:2),__consumer_offsets-34 -> (Leader:-1,ISR:1,LeaderRecoveryState:RECOVERED,LeaderEpoch:1,ZkVersion:1,ControllerEpoch:2),__consumer_offsets-16 -> (Leader:-1,ISR:1,LeaderRecoveryState:RECOVERED,LeaderEpoch:1,ZkVersion:1,ControllerEpoch:2),__consumer_offsets-45 -> (Leader:-1,ISR:2,LeaderRecoveryState:RECOVERED,LeaderEpoch:2,ZkVersion:2,ControllerEpoch:2),test-topic-replicated-2 -> (Leader:0,ISR:0,LeaderRecoveryState:RECOVERED,LeaderEpoch:2,ZkVersion:2,ControllerEpoch:2),__consumer_offsets-12 -> (Leader:-1,ISR:2,LeaderRecoveryState:RECOVERED,LeaderEpoch:2,ZkVersion:2,ControllerEpoch:2),__consumer_offsets-41 -> (Leader:0,ISR:0,LeaderRecoveryState:RECOVERED,LeaderEpoch:0,ZkVersion:0,ControllerEpoch:1),__consumer_offsets-24 -> (Leader:-1,ISR:2,LeaderRecoveryState:RECOVERED,LeaderEpoch:2,ZkVersion:2,ControllerEpoch:2),__consumer_offsets-20 -> (Leader:0,ISR:0,LeaderRecoveryState:RECOVERED,LeaderEpoch:0,ZkVersion:0,ControllerEpoch:1),__consumer_offsets-49 -> (Leader:-1,ISR:1,LeaderRecoveryState:RECOVERED,LeaderEpoch:1,ZkVersion:1,ControllerEpoch:2),__consumer_offsets-0 -> (Leader:-1,ISR:2,LeaderRecoveryState:RECOVERED,LeaderEpoch:2,ZkVersion:2,ControllerEpoch:2),__consumer_offsets-29 -> (Leader:0,ISR:0,LeaderRecoveryState:RECOVERED,LeaderEpoch:0,ZkVersion:0,ControllerEpoch:1),__consumer_offsets-25 -> (Leader:-1,ISR:1,LeaderRecoveryState:RECOVERED,LeaderEpoch:1,ZkVersion:1,ControllerEpoch:2),__consumer_offsets-8 -> (Leader:0,ISR:0,LeaderRecoveryState:RECOVERED,LeaderEpoch:0,ZkVersion:0,ControllerEpoch:1),__consumer_offsets-37 -> (Leader:-1,ISR:1,LeaderRecoveryState:RECOVERED,LeaderEpoch:1,ZkVersion:1,ControllerEpoch:2),__consumer_offsets-4 -> (Leader:-1,ISR:1,LeaderRecoveryState:RECOVERED,LeaderEpoch:1,ZkVersion:1,ControllerEpoch:2),__consumer_offsets-33 -> (Leader:-1,ISR:2,LeaderRecoveryState:RECOVERED,LeaderEpoch:2,ZkVersion:2,ControllerEpoch:2),__consumer_offsets-15 -> (Leader:-1,ISR:2,LeaderRecoveryState:RECOVERED,LeaderEpoch:2,ZkVersion:2,ControllerEpoch:2),__consumer_offsets-48 -> (Leader:-1,ISR:2,LeaderRecoveryState:RECOVERED,LeaderEpoch:2,ZkVersion:2,ControllerEpoch:2),test-topic-replicated-1 -> (Leader:0,ISR:0,LeaderRecoveryState:RECOVERED,LeaderEpoch:2,ZkVersion:2,ControllerEpoch:2),__consumer_offsets-11 -> (Leader:0,ISR:0,LeaderRecoveryState:RECOVERED,LeaderEpoch:0,ZkVersion:0,ControllerEpoch:1),__consumer_offsets-44 -> (Leader:0,ISR:0,LeaderRecoveryState:RECOVERED,LeaderEpoch:0,ZkVersion:0,ControllerEpoch:1),__consumer_offsets-23 -> (Leader:0,ISR:0,LeaderRecoveryState:RECOVERED,LeaderEpoch:0,ZkVersion:0,ControllerEpoch:1),__consumer_offsets-19 -> (Leader:-1,ISR:1,LeaderRecoveryState:RECOVERED,LeaderEpoch:1,ZkVersion:1,ControllerEpoch:2),__consumer_offsets-32 -> (Leader:0,ISR:0,LeaderRecoveryState:RECOVERED,LeaderEpoch:0,ZkVersion:0,ControllerEpoch:1),__consumer_offsets-28 -> (Leader:-1,ISR:1,LeaderRecoveryState:RECOVERED,LeaderEpoch:1,ZkVersion:1,ControllerEpoch:2),__consumer_offsets-7 -> (Leader:-1,ISR:1,LeaderRecoveryState:RECOVERED,LeaderEpoch:1,ZkVersion:1,ControllerEpoch:2),__consumer_offsets-40 -> (Leader:-1,ISR:1,LeaderRecoveryState:RECOVERED,LeaderEpoch:1,ZkVersion:1,ControllerEpoch:2),__consumer_offsets-3 -> (Leader:-1,ISR:2,LeaderRecoveryState:RECOVERED,LeaderEpoch:2,ZkVersion:2,ControllerEpoch:2),__consumer_offsets-36 -> (Leader:-1,ISR:2,LeaderRecoveryState:RECOVERED,LeaderEpoch:2,ZkVersion:2,ControllerEpoch:2),__consumer_offsets-47 -> (Leader:0,ISR:0,LeaderRecoveryState:RECOVERED,LeaderEpoch:0,ZkVersion:0,ControllerEpoch:1),test-topic-replicated-0 -> (Leader:0,ISR:0,LeaderRecoveryState:RECOVERED,LeaderEpoch:2,ZkVersion:2,ControllerEpoch:2),__consumer_offsets-14 -> (Leader:0,ISR:0,LeaderRecoveryState:RECOVERED,LeaderEpoch:0,ZkVersion:0,ControllerEpoch:1),__consumer_offsets-43 -> (Leader:-1,ISR:1,LeaderRecoveryState:RECOVERED,LeaderEpoch:1,ZkVersion:1,ControllerEpoch:2),__consumer_offsets-10 -> (Leader:-1,ISR:1,LeaderRecoveryState:RECOVERED,LeaderEpoch:1,ZkVersion:1,ControllerEpoch:2),__consumer_offsets-22 -> (Leader:-1,ISR:1,LeaderRecoveryState:RECOVERED,LeaderEpoch:1,ZkVersion:1,ControllerEpoch:2),__consumer_offsets-18 -> (Leader:-1,ISR:2,LeaderRecoveryState:RECOVERED,LeaderEpoch:2,ZkVersion:2,ControllerEpoch:2),__consumer_offsets-31 -> (Leader:-1,ISR:1,LeaderRecoveryState:RECOVERED,LeaderEpoch:1,ZkVersion:1,ControllerEpoch:2),__consumer_offsets-27 -> (Leader:-1,ISR:2,LeaderRecoveryState:RECOVERED,LeaderEpoch:2,ZkVersion:2,ControllerEpoch:2),__consumer_offsets-39 -> (Leader:-1,ISR:2,LeaderRecoveryState:RECOVERED,LeaderEpoch:2,ZkVersion:2,ControllerEpoch:2),__consumer_offsets-6 -> (Leader:-1,ISR:2,LeaderRecoveryState:RECOVERED,LeaderEpoch:2,ZkVersion:2,ControllerEpoch:2),__consumer_offsets-35 -> (Leader:0,ISR:0,LeaderRecoveryState:RECOVERED,LeaderEpoch:0,ZkVersion:0,ControllerEpoch:1),__consumer_offsets-2 -> (Leader:0,ISR:0,LeaderRecoveryState:RECOVERED,LeaderEpoch:0,ZkVersion:0,ControllerEpoch:1) (kafka.controller.KafkaController)
[2022-10-28 18:58:23,119] INFO [Controller id=0] Processing automatic preferred replica leader election (kafka.controller.KafkaController)
[2022-10-28 18:58:23,119] TRACE [Controller id=0] Checking need to trigger auto leader balancing (kafka.controller.KafkaController)
[2022-10-28 18:58:23,121] DEBUG [Controller id=0] Topics not in preferred replica for broker 0 HashMap() (kafka.controller.KafkaController)
[2022-10-28 18:58:23,122] TRACE [Controller id=0] Leader imbalance ratio for broker 0 is 0.0 (kafka.controller.KafkaController)
[2022-10-28 18:58:23,122] DEBUG [Controller id=0] Topics not in preferred replica for broker 1 HashMap(__consumer_offsets-22 -> List(1), __consumer_offsets-4 -> List(1), __consumer_offsets-25 -> List(1), __consumer_offsets-49 -> List(1), __consumer_offsets-31 -> List(1), __consumer_offsets-37 -> List(1), __consumer_offsets-19 -> List(1), __consumer_offsets-13 -> List(1), __consumer_offsets-43 -> List(1), __consumer_offsets-1 -> List(1), __consumer_offsets-34 -> List(1), __consumer_offsets-7 -> List(1), __consumer_offsets-46 -> List(1), __consumer_offsets-16 -> List(1), test-topic-replicated-0 -> List(1, 0, 2), __consumer_offsets-28 -> List(1), __consumer_offsets-10 -> List(1), __consumer_offsets-40 -> List(1)) (kafka.controller.KafkaController)
[2022-10-28 18:58:23,122] TRACE [Controller id=0] Leader imbalance ratio for broker 1 is 1.0 (kafka.controller.KafkaController)
[2022-10-28 18:58:23,122] INFO [Controller id=0] Starting replica leader election (PREFERRED) for partitions  triggered by AutoTriggered (kafka.controller.KafkaController)
[2022-10-28 18:58:23,122] DEBUG [Controller id=0] Topics not in preferred replica for broker 2 HashMap(__consumer_offsets-30 -> List(2), __consumer_offsets-21 -> List(2), __consumer_offsets-33 -> List(2), __consumer_offsets-36 -> List(2), __consumer_offsets-48 -> List(2), __consumer_offsets-0 -> List(2), __consumer_offsets-45 -> List(2), __consumer_offsets-27 -> List(2), __consumer_offsets-9 -> List(2), __consumer_offsets-42 -> List(2), __consumer_offsets-3 -> List(2), __consumer_offsets-18 -> List(2), __consumer_offsets-15 -> List(2), __consumer_offsets-24 -> List(2), __consumer_offsets-6 -> List(2), test-topic-replicated-2 -> List(2, 1, 0), __consumer_offsets-39 -> List(2), __consumer_offsets-12 -> List(2)) (kafka.controller.KafkaController)
[2022-10-28 18:58:23,122] TRACE [Controller id=0] Leader imbalance ratio for broker 2 is 1.0 (kafka.controller.KafkaController)
[2022-10-28 18:58:23,123] INFO [Controller id=0] Starting replica leader election (PREFERRED) for partitions  triggered by AutoTriggered (kafka.controller.KafkaController)
[2022-10-28 18:58:26,134] INFO [Controller id=0] Shutting down broker 0 (kafka.controller.KafkaController)
[2022-10-28 18:58:26,134] DEBUG [Controller id=0] All shutting down brokers: 0 (kafka.controller.KafkaController)
[2022-10-28 18:58:26,134] DEBUG [Controller id=0] Live brokers:  (kafka.controller.KafkaController)
[2022-10-28 18:58:26,136] TRACE [Controller id=0] All leaders = __consumer_offsets-13 -> (Leader:-1,ISR:1,LeaderRecoveryState:RECOVERED,LeaderEpoch:1,ZkVersion:1,ControllerEpoch:2),__consumer_offsets-46 -> (Leader:-1,ISR:1,LeaderRecoveryState:RECOVERED,LeaderEpoch:1,ZkVersion:1,ControllerEpoch:2),__consumer_offsets-9 -> (Leader:-1,ISR:2,LeaderRecoveryState:RECOVERED,LeaderEpoch:2,ZkVersion:2,ControllerEpoch:2),__consumer_offsets-42 -> (Leader:-1,ISR:2,LeaderRecoveryState:RECOVERED,LeaderEpoch:2,ZkVersion:2,ControllerEpoch:2),__consumer_offsets-21 -> (Leader:-1,ISR:2,LeaderRecoveryState:RECOVERED,LeaderEpoch:2,ZkVersion:2,ControllerEpoch:2),__consumer_offsets-17 -> (Leader:0,ISR:0,LeaderRecoveryState:RECOVERED,LeaderEpoch:0,ZkVersion:0,ControllerEpoch:1),__consumer_offsets-30 -> (Leader:-1,ISR:2,LeaderRecoveryState:RECOVERED,LeaderEpoch:2,ZkVersion:2,ControllerEpoch:2),__consumer_offsets-26 -> (Leader:0,ISR:0,LeaderRecoveryState:RECOVERED,LeaderEpoch:0,ZkVersion:0,ControllerEpoch:1),__consumer_offsets-5 -> (Leader:0,ISR:0,LeaderRecoveryState:RECOVERED,LeaderEpoch:0,ZkVersion:0,ControllerEpoch:1),__consumer_offsets-38 -> (Leader:0,ISR:0,LeaderRecoveryState:RECOVERED,LeaderEpoch:0,ZkVersion:0,ControllerEpoch:1),__consumer_offsets-1 -> (Leader:-1,ISR:1,LeaderRecoveryState:RECOVERED,LeaderEpoch:1,ZkVersion:1,ControllerEpoch:2),__consumer_offsets-34 -> (Leader:-1,ISR:1,LeaderRecoveryState:RECOVERED,LeaderEpoch:1,ZkVersion:1,ControllerEpoch:2),__consumer_offsets-16 -> (Leader:-1,ISR:1,LeaderRecoveryState:RECOVERED,LeaderEpoch:1,ZkVersion:1,ControllerEpoch:2),__consumer_offsets-45 -> (Leader:-1,ISR:2,LeaderRecoveryState:RECOVERED,LeaderEpoch:2,ZkVersion:2,ControllerEpoch:2),test-topic-replicated-2 -> (Leader:0,ISR:0,LeaderRecoveryState:RECOVERED,LeaderEpoch:2,ZkVersion:2,ControllerEpoch:2),__consumer_offsets-12 -> (Leader:-1,ISR:2,LeaderRecoveryState:RECOVERED,LeaderEpoch:2,ZkVersion:2,ControllerEpoch:2),__consumer_offsets-41 -> (Leader:0,ISR:0,LeaderRecoveryState:RECOVERED,LeaderEpoch:0,ZkVersion:0,ControllerEpoch:1),__consumer_offsets-24 -> (Leader:-1,ISR:2,LeaderRecoveryState:RECOVERED,LeaderEpoch:2,ZkVersion:2,ControllerEpoch:2),__consumer_offsets-20 -> (Leader:0,ISR:0,LeaderRecoveryState:RECOVERED,LeaderEpoch:0,ZkVersion:0,ControllerEpoch:1),__consumer_offsets-49 -> (Leader:-1,ISR:1,LeaderRecoveryState:RECOVERED,LeaderEpoch:1,ZkVersion:1,ControllerEpoch:2),__consumer_offsets-0 -> (Leader:-1,ISR:2,LeaderRecoveryState:RECOVERED,LeaderEpoch:2,ZkVersion:2,ControllerEpoch:2),__consumer_offsets-29 -> (Leader:0,ISR:0,LeaderRecoveryState:RECOVERED,LeaderEpoch:0,ZkVersion:0,ControllerEpoch:1),__consumer_offsets-25 -> (Leader:-1,ISR:1,LeaderRecoveryState:RECOVERED,LeaderEpoch:1,ZkVersion:1,ControllerEpoch:2),__consumer_offsets-8 -> (Leader:0,ISR:0,LeaderRecoveryState:RECOVERED,LeaderEpoch:0,ZkVersion:0,ControllerEpoch:1),__consumer_offsets-37 -> (Leader:-1,ISR:1,LeaderRecoveryState:RECOVERED,LeaderEpoch:1,ZkVersion:1,ControllerEpoch:2),__consumer_offsets-4 -> (Leader:-1,ISR:1,LeaderRecoveryState:RECOVERED,LeaderEpoch:1,ZkVersion:1,ControllerEpoch:2),__consumer_offsets-33 -> (Leader:-1,ISR:2,LeaderRecoveryState:RECOVERED,LeaderEpoch:2,ZkVersion:2,ControllerEpoch:2),__consumer_offsets-15 -> (Leader:-1,ISR:2,LeaderRecoveryState:RECOVERED,LeaderEpoch:2,ZkVersion:2,ControllerEpoch:2),__consumer_offsets-48 -> (Leader:-1,ISR:2,LeaderRecoveryState:RECOVERED,LeaderEpoch:2,ZkVersion:2,ControllerEpoch:2),test-topic-replicated-1 -> (Leader:0,ISR:0,LeaderRecoveryState:RECOVERED,LeaderEpoch:2,ZkVersion:2,ControllerEpoch:2),__consumer_offsets-11 -> (Leader:0,ISR:0,LeaderRecoveryState:RECOVERED,LeaderEpoch:0,ZkVersion:0,ControllerEpoch:1),__consumer_offsets-44 -> (Leader:0,ISR:0,LeaderRecoveryState:RECOVERED,LeaderEpoch:0,ZkVersion:0,ControllerEpoch:1),__consumer_offsets-23 -> (Leader:0,ISR:0,LeaderRecoveryState:RECOVERED,LeaderEpoch:0,ZkVersion:0,ControllerEpoch:1),__consumer_offsets-19 -> (Leader:-1,ISR:1,LeaderRecoveryState:RECOVERED,LeaderEpoch:1,ZkVersion:1,ControllerEpoch:2),__consumer_offsets-32 -> (Leader:0,ISR:0,LeaderRecoveryState:RECOVERED,LeaderEpoch:0,ZkVersion:0,ControllerEpoch:1),__consumer_offsets-28 -> (Leader:-1,ISR:1,LeaderRecoveryState:RECOVERED,LeaderEpoch:1,ZkVersion:1,ControllerEpoch:2),__consumer_offsets-7 -> (Leader:-1,ISR:1,LeaderRecoveryState:RECOVERED,LeaderEpoch:1,ZkVersion:1,ControllerEpoch:2),__consumer_offsets-40 -> (Leader:-1,ISR:1,LeaderRecoveryState:RECOVERED,LeaderEpoch:1,ZkVersion:1,ControllerEpoch:2),__consumer_offsets-3 -> (Leader:-1,ISR:2,LeaderRecoveryState:RECOVERED,LeaderEpoch:2,ZkVersion:2,ControllerEpoch:2),__consumer_offsets-36 -> (Leader:-1,ISR:2,LeaderRecoveryState:RECOVERED,LeaderEpoch:2,ZkVersion:2,ControllerEpoch:2),__consumer_offsets-47 -> (Leader:0,ISR:0,LeaderRecoveryState:RECOVERED,LeaderEpoch:0,ZkVersion:0,ControllerEpoch:1),test-topic-replicated-0 -> (Leader:0,ISR:0,LeaderRecoveryState:RECOVERED,LeaderEpoch:2,ZkVersion:2,ControllerEpoch:2),__consumer_offsets-14 -> (Leader:0,ISR:0,LeaderRecoveryState:RECOVERED,LeaderEpoch:0,ZkVersion:0,ControllerEpoch:1),__consumer_offsets-43 -> (Leader:-1,ISR:1,LeaderRecoveryState:RECOVERED,LeaderEpoch:1,ZkVersion:1,ControllerEpoch:2),__consumer_offsets-10 -> (Leader:-1,ISR:1,LeaderRecoveryState:RECOVERED,LeaderEpoch:1,ZkVersion:1,ControllerEpoch:2),__consumer_offsets-22 -> (Leader:-1,ISR:1,LeaderRecoveryState:RECOVERED,LeaderEpoch:1,ZkVersion:1,ControllerEpoch:2),__consumer_offsets-18 -> (Leader:-1,ISR:2,LeaderRecoveryState:RECOVERED,LeaderEpoch:2,ZkVersion:2,ControllerEpoch:2),__consumer_offsets-31 -> (Leader:-1,ISR:1,LeaderRecoveryState:RECOVERED,LeaderEpoch:1,ZkVersion:1,ControllerEpoch:2),__consumer_offsets-27 -> (Leader:-1,ISR:2,LeaderRecoveryState:RECOVERED,LeaderEpoch:2,ZkVersion:2,ControllerEpoch:2),__consumer_offsets-39 -> (Leader:-1,ISR:2,LeaderRecoveryState:RECOVERED,LeaderEpoch:2,ZkVersion:2,ControllerEpoch:2),__consumer_offsets-6 -> (Leader:-1,ISR:2,LeaderRecoveryState:RECOVERED,LeaderEpoch:2,ZkVersion:2,ControllerEpoch:2),__consumer_offsets-35 -> (Leader:0,ISR:0,LeaderRecoveryState:RECOVERED,LeaderEpoch:0,ZkVersion:0,ControllerEpoch:1),__consumer_offsets-2 -> (Leader:0,ISR:0,LeaderRecoveryState:RECOVERED,LeaderEpoch:0,ZkVersion:0,ControllerEpoch:1) (kafka.controller.KafkaController)
[2022-10-28 18:58:31,137] INFO [Controller id=0] Shutting down broker 0 (kafka.controller.KafkaController)
[2022-10-28 18:58:31,137] DEBUG [Controller id=0] All shutting down brokers: 0 (kafka.controller.KafkaController)
[2022-10-28 18:58:31,137] DEBUG [Controller id=0] Live brokers:  (kafka.controller.KafkaController)
[2022-10-28 18:59:01,253] INFO [ControllerEventThread controllerId=0] Shutting down (kafka.controller.ControllerEventManager$ControllerEventThread)
