[2022-10-28T18:46:39.593+0100][gc] Using G1
[2022-10-28T18:46:39.596+0100][gc,init] Version: 17.0.4+8-Ubuntu-122.04 (release)
[2022-10-28T18:46:39.596+0100][gc,init] CPUs: 16 total, 16 available
[2022-10-28T18:46:39.596+0100][gc,init] Memory: 31939M
[2022-10-28T18:46:39.596+0100][gc,init] Large Page Support: Disabled
[2022-10-28T18:46:39.596+0100][gc,init] NUMA Support: Disabled
[2022-10-28T18:46:39.596+0100][gc,init] Compressed Oops: Enabled (32-bit)
[2022-10-28T18:46:39.596+0100][gc,init] Heap Region Size: 1M
[2022-10-28T18:46:39.596+0100][gc,init] Heap Min Capacity: 1G
[2022-10-28T18:46:39.596+0100][gc,init] Heap Initial Capacity: 1G
[2022-10-28T18:46:39.596+0100][gc,init] Heap Max Capacity: 1G
[2022-10-28T18:46:39.596+0100][gc,init] Pre-touch: Disabled
[2022-10-28T18:46:39.596+0100][gc,init] Parallel Workers: 13
[2022-10-28T18:46:39.596+0100][gc,init] Concurrent Workers: 3
[2022-10-28T18:46:39.596+0100][gc,init] Concurrent Refinement Workers: 13
[2022-10-28T18:46:39.596+0100][gc,init] Periodic GC: Disabled
[2022-10-28T18:46:39.596+0100][gc,metaspace] CDS archive(s) mapped at: [0x0000000800000000-0x0000000800be3000-0x0000000800be3000), size 12464128, SharedBaseAddress: 0x0000000800000000, ArchiveRelocationMode: 0.
[2022-10-28T18:46:39.596+0100][gc,metaspace] Compressed class space mapped at: 0x0000000800c00000-0x0000000840c00000, reserved size: 1073741824
[2022-10-28T18:46:39.596+0100][gc,metaspace] Narrow klass base: 0x0000000800000000, Narrow klass shift: 0, Narrow klass range: 0x100000000
[2022-10-28T18:46:40.107+0100][gc,start    ] GC(0) Pause Young (Normal) (G1 Evacuation Pause)
[2022-10-28T18:46:40.108+0100][gc,task     ] GC(0) Using 13 workers of 13 for evacuation
[2022-10-28T18:46:40.111+0100][gc,phases   ] GC(0)   Pre Evacuate Collection Set: 0,1ms
[2022-10-28T18:46:40.111+0100][gc,phases   ] GC(0)   Merge Heap Roots: 0,1ms
[2022-10-28T18:46:40.111+0100][gc,phases   ] GC(0)   Evacuate Collection Set: 2,3ms
[2022-10-28T18:46:40.111+0100][gc,phases   ] GC(0)   Post Evacuate Collection Set: 0,3ms
[2022-10-28T18:46:40.111+0100][gc,phases   ] GC(0)   Other: 0,7ms
[2022-10-28T18:46:40.111+0100][gc,heap     ] GC(0) Eden regions: 51->0(44)
[2022-10-28T18:46:40.111+0100][gc,heap     ] GC(0) Survivor regions: 0->7(7)
[2022-10-28T18:46:40.111+0100][gc,heap     ] GC(0) Old regions: 0->1
[2022-10-28T18:46:40.111+0100][gc,heap     ] GC(0) Archive regions: 2->2
[2022-10-28T18:46:40.111+0100][gc,heap     ] GC(0) Humongous regions: 0->0
[2022-10-28T18:46:40.111+0100][gc,metaspace] GC(0) Metaspace: 18327K(18432K)->18327K(18432K) NonClass: 16144K(16192K)->16144K(16192K) Class: 2183K(2240K)->2183K(2240K)
[2022-10-28T18:46:40.111+0100][gc          ] GC(0) Pause Young (Normal) (G1 Evacuation Pause) 51M->8M(1024M) 3,578ms
[2022-10-28T18:46:40.111+0100][gc,cpu      ] GC(0) User=0,02s Sys=0,00s Real=0,01s
[2022-10-28T18:46:40.248+0100][gc,start    ] GC(1) Pause Young (Concurrent Start) (Metadata GC Threshold)
[2022-10-28T18:46:40.248+0100][gc,task     ] GC(1) Using 13 workers of 13 for evacuation
[2022-10-28T18:46:40.252+0100][gc,phases   ] GC(1)   Pre Evacuate Collection Set: 0,1ms
[2022-10-28T18:46:40.252+0100][gc,phases   ] GC(1)   Merge Heap Roots: 0,0ms
[2022-10-28T18:46:40.252+0100][gc,phases   ] GC(1)   Evacuate Collection Set: 2,8ms
[2022-10-28T18:46:40.252+0100][gc,phases   ] GC(1)   Post Evacuate Collection Set: 0,2ms
[2022-10-28T18:46:40.252+0100][gc,phases   ] GC(1)   Other: 0,1ms
[2022-10-28T18:46:40.252+0100][gc,heap     ] GC(1) Eden regions: 13->0(49)
[2022-10-28T18:46:40.252+0100][gc,heap     ] GC(1) Survivor regions: 7->2(7)
[2022-10-28T18:46:40.252+0100][gc,heap     ] GC(1) Old regions: 1->7
[2022-10-28T18:46:40.252+0100][gc,heap     ] GC(1) Archive regions: 2->2
[2022-10-28T18:46:40.252+0100][gc,heap     ] GC(1) Humongous regions: 129->129
[2022-10-28T18:46:40.252+0100][gc,metaspace] GC(1) Metaspace: 21276K(21504K)->21276K(21504K) NonClass: 18699K(18816K)->18699K(18816K) Class: 2577K(2688K)->2577K(2688K)
[2022-10-28T18:46:40.252+0100][gc          ] GC(1) Pause Young (Concurrent Start) (Metadata GC Threshold) 149M->138M(1024M) 3,286ms
[2022-10-28T18:46:40.252+0100][gc,cpu      ] GC(1) User=0,03s Sys=0,00s Real=0,00s
[2022-10-28T18:46:40.252+0100][gc          ] GC(2) Concurrent Mark Cycle
[2022-10-28T18:46:40.252+0100][gc,marking  ] GC(2) Concurrent Clear Claimed Marks
[2022-10-28T18:46:40.252+0100][gc,marking  ] GC(2) Concurrent Clear Claimed Marks 0,015ms
[2022-10-28T18:46:40.252+0100][gc,marking  ] GC(2) Concurrent Scan Root Regions
[2022-10-28T18:46:40.253+0100][gc,marking  ] GC(2) Concurrent Scan Root Regions 1,442ms
[2022-10-28T18:46:40.253+0100][gc,marking  ] GC(2) Concurrent Mark
[2022-10-28T18:46:40.253+0100][gc,marking  ] GC(2) Concurrent Mark From Roots
[2022-10-28T18:46:40.253+0100][gc,task     ] GC(2) Using 3 workers of 3 for marking
[2022-10-28T18:46:40.255+0100][gc,marking  ] GC(2) Concurrent Mark From Roots 1,389ms
[2022-10-28T18:46:40.255+0100][gc,marking  ] GC(2) Concurrent Preclean
[2022-10-28T18:46:40.255+0100][gc,marking  ] GC(2) Concurrent Preclean 0,080ms
[2022-10-28T18:46:40.255+0100][gc,start    ] GC(2) Pause Remark
[2022-10-28T18:46:40.256+0100][gc          ] GC(2) Pause Remark 139M->139M(1024M) 0,810ms
[2022-10-28T18:46:40.256+0100][gc,cpu      ] GC(2) User=0,00s Sys=0,00s Real=0,00s
[2022-10-28T18:46:40.256+0100][gc,marking  ] GC(2) Concurrent Mark 2,425ms
[2022-10-28T18:46:40.256+0100][gc,marking  ] GC(2) Concurrent Rebuild Remembered Sets
[2022-10-28T18:46:40.256+0100][gc,marking  ] GC(2) Concurrent Rebuild Remembered Sets 0,007ms
[2022-10-28T18:46:40.256+0100][gc,start    ] GC(2) Pause Cleanup
[2022-10-28T18:46:40.256+0100][gc          ] GC(2) Pause Cleanup 139M->139M(1024M) 0,006ms
[2022-10-28T18:46:40.256+0100][gc,cpu      ] GC(2) User=0,00s Sys=0,00s Real=0,00s
[2022-10-28T18:46:40.256+0100][gc,marking  ] GC(2) Concurrent Cleanup for Next Mark
[2022-10-28T18:46:40.258+0100][gc,marking  ] GC(2) Concurrent Cleanup for Next Mark 1,846ms
[2022-10-28T18:46:40.258+0100][gc          ] GC(2) Concurrent Mark Cycle 5,960ms
[2022-10-28T18:46:40.652+0100][gc,start    ] GC(3) Pause Young (Normal) (G1 Evacuation Pause)
[2022-10-28T18:46:40.652+0100][gc,task     ] GC(3) Using 13 workers of 13 for evacuation
[2022-10-28T18:46:40.654+0100][gc,phases   ] GC(3)   Pre Evacuate Collection Set: 0,1ms
[2022-10-28T18:46:40.654+0100][gc,phases   ] GC(3)   Merge Heap Roots: 0,0ms
[2022-10-28T18:46:40.654+0100][gc,phases   ] GC(3)   Evacuate Collection Set: 1,5ms
[2022-10-28T18:46:40.654+0100][gc,phases   ] GC(3)   Post Evacuate Collection Set: 0,2ms
[2022-10-28T18:46:40.654+0100][gc,phases   ] GC(3)   Other: 0,1ms
[2022-10-28T18:46:40.654+0100][gc,heap     ] GC(3) Eden regions: 49->0(45)
[2022-10-28T18:46:40.654+0100][gc,heap     ] GC(3) Survivor regions: 2->6(7)
[2022-10-28T18:46:40.654+0100][gc,heap     ] GC(3) Old regions: 7->7
[2022-10-28T18:46:40.654+0100][gc,heap     ] GC(3) Archive regions: 2->2
[2022-10-28T18:46:40.654+0100][gc,heap     ] GC(3) Humongous regions: 129->129
[2022-10-28T18:46:40.654+0100][gc,metaspace] GC(3) Metaspace: 33036K(33280K)->33036K(33280K) NonClass: 29343K(29504K)->29343K(29504K) Class: 3693K(3776K)->3693K(3776K)
[2022-10-28T18:46:40.654+0100][gc          ] GC(3) Pause Young (Normal) (G1 Evacuation Pause) 187M->142M(1024M) 2,020ms
[2022-10-28T18:46:40.655+0100][gc,cpu      ] GC(3) User=0,02s Sys=0,00s Real=0,00s
[2022-10-28T18:51:48.963+0100][gc,start    ] GC(4) Pause Young (Concurrent Start) (Metadata GC Threshold)
[2022-10-28T18:51:48.963+0100][gc,task     ] GC(4) Using 13 workers of 13 for evacuation
[2022-10-28T18:51:48.967+0100][gc,phases   ] GC(4)   Pre Evacuate Collection Set: 0,2ms
[2022-10-28T18:51:48.967+0100][gc,phases   ] GC(4)   Merge Heap Roots: 0,1ms
[2022-10-28T18:51:48.967+0100][gc,phases   ] GC(4)   Evacuate Collection Set: 3,2ms
[2022-10-28T18:51:48.967+0100][gc,phases   ] GC(4)   Post Evacuate Collection Set: 0,3ms
[2022-10-28T18:51:48.967+0100][gc,phases   ] GC(4)   Other: 0,2ms
[2022-10-28T18:51:48.967+0100][gc,heap     ] GC(4) Eden regions: 15->0(50)
[2022-10-28T18:51:48.967+0100][gc,heap     ] GC(4) Survivor regions: 6->1(7)
[2022-10-28T18:51:48.967+0100][gc,heap     ] GC(4) Old regions: 7->13
[2022-10-28T18:51:48.967+0100][gc,heap     ] GC(4) Archive regions: 2->2
[2022-10-28T18:51:48.967+0100][gc,heap     ] GC(4) Humongous regions: 129->129
[2022-10-28T18:51:48.967+0100][gc,metaspace] GC(4) Metaspace: 35757K(36096K)->35757K(36096K) NonClass: 31687K(31872K)->31687K(31872K) Class: 4070K(4224K)->4070K(4224K)
[2022-10-28T18:51:48.967+0100][gc          ] GC(4) Pause Young (Concurrent Start) (Metadata GC Threshold) 156M->143M(1024M) 4,039ms
[2022-10-28T18:51:48.967+0100][gc,cpu      ] GC(4) User=0,02s Sys=0,00s Real=0,00s
[2022-10-28T18:51:48.968+0100][gc          ] GC(5) Concurrent Mark Cycle
[2022-10-28T18:51:48.968+0100][gc,marking  ] GC(5) Concurrent Clear Claimed Marks
[2022-10-28T18:51:48.968+0100][gc,marking  ] GC(5) Concurrent Clear Claimed Marks 0,156ms
[2022-10-28T18:51:48.968+0100][gc,marking  ] GC(5) Concurrent Scan Root Regions
[2022-10-28T18:51:48.970+0100][gc,marking  ] GC(5) Concurrent Scan Root Regions 1,767ms
[2022-10-28T18:51:48.970+0100][gc,marking  ] GC(5) Concurrent Mark
[2022-10-28T18:51:48.970+0100][gc,marking  ] GC(5) Concurrent Mark From Roots
[2022-10-28T18:51:48.970+0100][gc,task     ] GC(5) Using 3 workers of 3 for marking
[2022-10-28T18:51:48.974+0100][gc,marking  ] GC(5) Concurrent Mark From Roots 4,126ms
[2022-10-28T18:51:48.974+0100][gc,marking  ] GC(5) Concurrent Preclean
[2022-10-28T18:51:48.974+0100][gc,marking  ] GC(5) Concurrent Preclean 0,113ms
[2022-10-28T18:51:48.982+0100][gc,start    ] GC(5) Pause Remark
[2022-10-28T18:51:48.987+0100][gc          ] GC(5) Pause Remark 144M->144M(1024M) 4,896ms
[2022-10-28T18:51:48.987+0100][gc,cpu      ] GC(5) User=0,01s Sys=0,00s Real=0,00s
[2022-10-28T18:51:48.987+0100][gc,marking  ] GC(5) Concurrent Mark 17,277ms
[2022-10-28T18:51:48.987+0100][gc,marking  ] GC(5) Concurrent Rebuild Remembered Sets
[2022-10-28T18:51:48.991+0100][gc,marking  ] GC(5) Concurrent Rebuild Remembered Sets 4,312ms
[2022-10-28T18:51:48.993+0100][gc,start    ] GC(5) Pause Cleanup
[2022-10-28T18:51:48.993+0100][gc          ] GC(5) Pause Cleanup 145M->145M(1024M) 0,157ms
[2022-10-28T18:51:48.993+0100][gc,cpu      ] GC(5) User=0,00s Sys=0,00s Real=0,00s
[2022-10-28T18:51:48.993+0100][gc,marking  ] GC(5) Concurrent Cleanup for Next Mark
[2022-10-28T18:51:48.996+0100][gc,marking  ] GC(5) Concurrent Cleanup for Next Mark 2,983ms
[2022-10-28T18:51:48.996+0100][gc          ] GC(5) Concurrent Mark Cycle 28,389ms
[2022-10-28T18:56:06.590+0100][gc,start    ] GC(6) Pause Young (Normal) (G1 Evacuation Pause)
[2022-10-28T18:56:06.590+0100][gc,task     ] GC(6) Using 13 workers of 13 for evacuation
[2022-10-28T18:56:06.592+0100][gc,phases   ] GC(6)   Pre Evacuate Collection Set: 0,1ms
[2022-10-28T18:56:06.592+0100][gc,phases   ] GC(6)   Merge Heap Roots: 0,0ms
[2022-10-28T18:56:06.592+0100][gc,phases   ] GC(6)   Evacuate Collection Set: 1,7ms
[2022-10-28T18:56:06.592+0100][gc,phases   ] GC(6)   Post Evacuate Collection Set: 0,2ms
[2022-10-28T18:56:06.592+0100][gc,phases   ] GC(6)   Other: 0,1ms
[2022-10-28T18:56:06.592+0100][gc,heap     ] GC(6) Eden regions: 50->0(47)
[2022-10-28T18:56:06.592+0100][gc,heap     ] GC(6) Survivor regions: 1->4(7)
[2022-10-28T18:56:06.592+0100][gc,heap     ] GC(6) Old regions: 13->13
[2022-10-28T18:56:06.592+0100][gc,heap     ] GC(6) Archive regions: 2->2
[2022-10-28T18:56:06.592+0100][gc,heap     ] GC(6) Humongous regions: 129->129
[2022-10-28T18:56:06.592+0100][gc,metaspace] GC(6) Metaspace: 39921K(40512K)->39921K(40512K) NonClass: 35318K(35648K)->35318K(35648K) Class: 4603K(4864K)->4603K(4864K)
[2022-10-28T18:56:06.592+0100][gc          ] GC(6) Pause Young (Normal) (G1 Evacuation Pause) 193M->146M(1024M) 2,250ms
[2022-10-28T18:56:06.592+0100][gc,cpu      ] GC(6) User=0,01s Sys=0,00s Real=0,00s
